This is pdfTeX, Version 3.1415926-2.3-1.40.12 (TeX Live 2011) (format=pdflatex 2012.4.17)  4 MAY 2014 21:08
entering extended mode
 restricted \write18 enabled.
 %&-line parsing enabled.
**thesis
(./thesis.tex
LaTeX2e <2009/09/24>
Babel <v3.8l> and hyphenation patterns for english, dumylang, nohyphenation, ge
rman-x-2009-06-19, ngerman-x-2009-06-19, afrikaans, ancientgreek, ibycus, arabi
c, armenian, basque, bulgarian, catalan, pinyin, coptic, croatian, czech, danis
h, dutch, ukenglish, usenglishmax, esperanto, estonian, ethiopic, farsi, finnis
h, french, galician, german, ngerman, swissgerman, monogreek, greek, hungarian,
 icelandic, assamese, bengali, gujarati, hindi, kannada, malayalam, marathi, or
iya, panjabi, tamil, telugu, indonesian, interlingua, irish, italian, kurmanji,
 lao, latin, latvian, lithuanian, mongolian, mongolianlmc, bokmal, nynorsk, pol
ish, portuguese, romanian, russian, sanskrit, serbian, serbianc, slovak, sloven
ian, spanish, swedish, turkish, turkmen, ukrainian, uppersorbian, welsh, loaded
.
(./iitm-thesis.cls
Document Class: iitm-thesis 2005/03/09 Class for IIT-Madras Dissertations
(/usr/local/texlive/2011/texmf-dist/tex/latex/base/report.cls
Document Class: report 2007/10/19 v1.4h Standard LaTeX document class
(/usr/local/texlive/2011/texmf-dist/tex/latex/base/size12.clo
File: size12.clo 2007/10/19 v1.4h Standard LaTeX file (size option)
)
\c@part=\count79
\c@chapter=\count80
\c@section=\count81
\c@subsection=\count82
\c@subsubsection=\count83
\c@paragraph=\count84
\c@subparagraph=\count85
\c@figure=\count86
\c@table=\count87
\abovecaptionskip=\skip41
\belowcaptionskip=\skip42
\bibindent=\dimen102
)
(/usr/local/texlive/2011/texmf-dist/tex/latex/geometry/geometry.sty
Package: geometry 2010/09/12 v5.6 Page Geometry

(/usr/local/texlive/2011/texmf-dist/tex/latex/graphics/keyval.sty
Package: keyval 1999/03/16 v1.13 key=value parser (DPC)
\KV@toks@=\toks14
)
(/usr/local/texlive/2011/texmf-dist/tex/generic/oberdiek/ifpdf.sty
Package: ifpdf 2011/01/30 v2.3 Provides the ifpdf switch (HO)
Package ifpdf Info: pdfTeX in PDF mode is detected.
)
(/usr/local/texlive/2011/texmf-dist/tex/generic/oberdiek/ifvtex.sty
Package: ifvtex 2010/03/01 v1.5 Switches for detecting VTeX and its modes (HO)
Package ifvtex Info: VTeX not detected.
)
(/usr/local/texlive/2011/texmf-dist/tex/generic/ifxetex/ifxetex.sty
Package: ifxetex 2010/09/12 v0.6 Provides ifxetex conditional
)
\Gm@cnth=\count88
\Gm@cntv=\count89
\c@Gm@tempcnt=\count90
\Gm@bindingoffset=\dimen103
\Gm@wd@mp=\dimen104
\Gm@odd@mp=\dimen105
\Gm@even@mp=\dimen106
\Gm@layoutwidth=\dimen107
\Gm@layoutheight=\dimen108
\Gm@layouthoffset=\dimen109
\Gm@layoutvoffset=\dimen110
\Gm@dimlist=\toks15
)
(/usr/local/texlive/2011/texmf-dist/tex/latex/setspace/setspace.sty
Package: setspace 2000/12/01 6.7 Contributed and Supported LaTeX2e package

Package: `setspace' 6.7 <2000/12/01>
) (./atbeginend.sty)
(/usr/local/texlive/2011/texmf-dist/tex/latex/natbib/natbib.sty
Package: natbib 2010/09/13 8.31b (PWD, AO)
\bibhang=\skip43
\bibsep=\skip44
LaTeX Info: Redefining \cite on input line 694.
\c@NAT@ctr=\count91
))
(/usr/local/texlive/2011/texmf-dist/tex/latex/caption/caption.sty
Package: caption 2010/01/09 v3.1m Customizing captions (AR)

(/usr/local/texlive/2011/texmf-dist/tex/latex/caption/caption3.sty
Package: caption3 2010/01/14 v3.1m caption3 kernel (AR)
\captionmargin=\dimen111
\captionmargin@=\dimen112
\captionwidth=\dimen113
\caption@indent=\dimen114
\caption@parindent=\dimen115
\caption@hangindent=\dimen116
)
\c@ContinuedFloat=\count92
)
(/usr/local/texlive/2011/texmf-dist/tex/latex/psnfss/palatino.sty
Package: palatino 2005/04/12 PSNFSS-v9.2a (SPQR) 
)
(/usr/local/texlive/2011/texmf-dist/tex/latex/framed/framed.sty
Package: framed 2007/10/04 v 0.95: framed or shaded text with page breaks
\fb@frw=\dimen117
\fb@frh=\dimen118
\FrameRule=\dimen119
\FrameSep=\dimen120
)
(/usr/local/texlive/2011/texmf-dist/tex/latex/mdframed/mdframed.sty
Package: mdframed 2010/12/22  v0.6a: mdframed

(/usr/local/texlive/2011/texmf-dist/tex/latex/oberdiek/kvoptions.sty
Package: kvoptions 2010/12/23 v3.10 Keyval support for LaTeX options (HO)

(/usr/local/texlive/2011/texmf-dist/tex/generic/oberdiek/ltxcmds.sty
Package: ltxcmds 2011/04/18 v1.20 LaTeX kernel commands for general use (HO)
)
(/usr/local/texlive/2011/texmf-dist/tex/generic/oberdiek/kvsetkeys.sty
Package: kvsetkeys 2011/04/07 v1.13 Key value parser (HO)

(/usr/local/texlive/2011/texmf-dist/tex/generic/oberdiek/infwarerr.sty
Package: infwarerr 2010/04/08 v1.3 Providing info/warning/message (HO)
)
(/usr/local/texlive/2011/texmf-dist/tex/generic/oberdiek/etexcmds.sty
Package: etexcmds 2011/02/16 v1.5 Prefix for e-TeX command names (HO)

(/usr/local/texlive/2011/texmf-dist/tex/generic/oberdiek/ifluatex.sty
Package: ifluatex 2010/03/01 v1.3 Provides the ifluatex switch (HO)
Package ifluatex Info: LuaTeX not detected.
)
Package etexcmds Info: Could not find \expanded.
(etexcmds)             That can mean that you are not using pdfTeX 1.50 or
(etexcmds)             that some package has redefined \expanded.
(etexcmds)             In the latter case, load this package earlier.
)))
(/usr/local/texlive/2011/texmf-dist/tex/latex/etex-pkg/etex.sty
Package: etex 1998/03/26 v2.0 eTeX basic definition package (PEB)
\et@xins=\count93
)
(/usr/local/texlive/2011/texmf-dist/tex/latex/tools/calc.sty
Package: calc 2007/08/22 v4.3 Infix arithmetic (KKT,FJ)
\calc@Acount=\count94
\calc@Bcount=\count95
\calc@Adimen=\dimen121
\calc@Bdimen=\dimen122
\calc@Askip=\skip45
\calc@Bskip=\skip46
LaTeX Info: Redefining \setlength on input line 76.
LaTeX Info: Redefining \addtolength on input line 77.
\calc@Ccount=\count96
\calc@Cskip=\skip47
)
(/usr/local/texlive/2011/texmf-dist/tex/latex/graphics/color.sty
Package: color 2005/11/14 v1.0j Standard LaTeX Color (DPC)

(/usr/local/texlive/2011/texmf-dist/tex/latex/latexconfig/color.cfg
File: color.cfg 2007/01/18 v1.5 color configuration of teTeX/TeXLive
)
Package color Info: Driver file: pdftex.def on input line 130.

(/usr/local/texlive/2011/texmf-dist/tex/latex/pdftex-def/pdftex.def
File: pdftex.def 2011/05/27 v0.06d Graphics/color for pdfTeX
\Gread@gobject=\count97
))
(/usr/local/texlive/2011/texmf-dist/tex/latex/etoolbox/etoolbox.sty
Package: etoolbox 2011/01/03 v2.1 e-TeX tools for LaTeX
\etb@tempcnta=\count98


Package etoolbox Warning: Patching '\begin' failed!
(etoolbox)                '\AtBeginEnvironment' will not work.


Package etoolbox Warning: Patching '\end' failed!
(etoolbox)                '\AtEndEnvironment' will not work.


Package etoolbox Warning: Patching '\end' failed!
(etoolbox)                '\AfterEndEnvironment' will not work.

)
\md@templength=\skip48
\mdf@skipabove@length=\skip49
\mdf@skipbelow@length=\skip50
\mdf@leftmargin@length=\skip51
\mdf@rightmargin@length=\skip52
\mdf@margin@length=\skip53
\mdf@innerleftmargin@length=\skip54
\mdf@innerrightmargin@length=\skip55
\mdf@innertopmargin@length=\skip56
\mdf@innerbottommargin@length=\skip57
\mdf@splittopskip@length=\skip58
\mdf@splitbottomskip@length=\skip59
\mdf@linewidth@length=\skip60
\mdf@innerlinewidth@length=\skip61
\mdf@middlelinewidth@length=\skip62
\mdf@outerlinewidth@length=\skip63
\mdf@roundcorner@length=\skip64
 (/usr/local/texlive/2011/texmf-dist/tex/latex/mdframed/md-frame-0.mdf
File: md-frame-3.mdf 2010/12/22  v0.6a: md-frame-0
)
\md@temp@skip@a=\skip65
\md@verticalmarginwhole@length=\skip66
\mdf@xmargin@length=\skip67
\mdf@ymargin@length=\skip68
\mdfboxheight=\skip69
\mdfboxwidth=\skip70
\mdfboundingboxheight=\skip71
\mdfboundingboxwidth=\skip72
\mdfpositionx=\skip73
\mdfpositiony=\skip74
\md@freevspace@length=\skip75
\md@horizontalspaceofbox=\skip76
\md@temp@frame@hsize=\skip77
\md@temp@frame@vsize=\skip78
)
(/usr/local/texlive/2011/texmf-dist/tex/latex/graphics/graphicx.sty
Package: graphicx 1999/02/16 v1.0f Enhanced LaTeX Graphics (DPC,SPQR)

(/usr/local/texlive/2011/texmf-dist/tex/latex/graphics/graphics.sty
Package: graphics 2009/02/05 v1.0o Standard LaTeX Graphics (DPC,SPQR)

(/usr/local/texlive/2011/texmf-dist/tex/latex/graphics/trig.sty
Package: trig 1999/03/16 v1.09 sin cos tan (DPC)
)
(/usr/local/texlive/2011/texmf-dist/tex/latex/latexconfig/graphics.cfg
File: graphics.cfg 2010/04/23 v1.9 graphics configuration of TeX Live
)
Package graphics Info: Driver file: pdftex.def on input line 91.
)
\Gin@req@height=\dimen123
\Gin@req@width=\dimen124
)
(/usr/local/texlive/2011/texmf-dist/tex/latex/hyperref/hyperref.sty
Package: hyperref 2011/04/17 v6.82g Hypertext links for LaTeX

(/usr/local/texlive/2011/texmf-dist/tex/generic/oberdiek/hobsub-hyperref.sty
Package: hobsub-hyperref 2011/04/23 v1.4 Bundle oberdiek, subset hyperref (HO)

(/usr/local/texlive/2011/texmf-dist/tex/generic/oberdiek/hobsub-generic.sty
Package: hobsub-generic 2011/04/23 v1.4 Bundle oberdiek, subset generic (HO)
Package: hobsub 2011/04/23 v1.4 Subsetting bundle oberdiek (HO)
Package hobsub Info: Skipping package `infwarerr' (already loaded).
Package hobsub Info: Skipping package `ltxcmds' (already loaded).
Package hobsub Info: Skipping package `ifluatex' (already loaded).
Package hobsub Info: Skipping package `ifvtex' (already loaded).
Package: intcalc 2007/09/27 v1.1 Expandable integer calculations (HO)
Package hobsub Info: Skipping package `ifpdf' (already loaded).
Package hobsub Info: Skipping package `etexcmds' (already loaded).
Package hobsub Info: Skipping package `kvsetkeys' (already loaded).
Package: kvdefinekeys 2011/04/07 v1.3 Defining keys (HO)
Package: pdftexcmds 2011/04/22 v0.16 Utilities of pdfTeX for LuaTeX (HO)
Package pdftexcmds Info: LuaTeX not detected.
Package pdftexcmds Info: \pdf@primitive is available.
Package pdftexcmds Info: \pdf@ifprimitive is available.
Package pdftexcmds Info: \pdfdraftmode found.
Package: pdfescape 2011/04/04 v1.12 Provides string conversions (HO)
Package: bigintcalc 2011/01/30 v1.2 Expandable big integer calculations (HO)
Package: bitset 2011/01/30 v1.1 Data type bit set (HO)
Package: uniquecounter 2011/01/30 v1.2 Provides unlimited unique counter (HO)
)
Package hobsub Info: Skipping package `hobsub' (already loaded).
Package: letltxmacro 2010/09/02 v1.4 Let assignment for LaTeX macros (HO)
Package: hopatch 2011/01/30 v1.0 Wrapper for package hooks (HO)
Package: xcolor-patch 2011/01/30 xcolor patch
Package: atveryend 2011/04/23 v1.7 Hooks at very end of document (HO)
Package: atbegshi 2011/01/30 v1.15 At begin shipout hook (HO)
Package: refcount 2010/12/01 v3.2 Data extraction from references (HO)
Package: hycolor 2011/01/30 v1.7 Color options of hyperref/bookmark (HO)
)
\@linkdim=\dimen125
\Hy@linkcounter=\count99
\Hy@pagecounter=\count100

(/usr/local/texlive/2011/texmf-dist/tex/latex/hyperref/pd1enc.def
File: pd1enc.def 2011/04/17 v6.82g Hyperref: PDFDocEncoding definition (HO)
)
\Hy@SavedSpaceFactor=\count101

(/usr/local/texlive/2011/texmf-dist/tex/latex/latexconfig/hyperref.cfg
File: hyperref.cfg 2002/06/06 v1.2 hyperref configuration of TeXLive
)
Package hyperref Info: Hyper figures OFF on input line 4026.
Package hyperref Info: Link nesting OFF on input line 4031.
Package hyperref Info: Hyper index ON on input line 4034.
Package hyperref Info: Plain pages OFF on input line 4041.
Package hyperref Info: Backreferencing OFF on input line 4046.
Package hyperref Info: Implicit mode ON; LaTeX internals redefined.
Package hyperref Info: Bookmarks ON on input line 4264.
\c@Hy@tempcnt=\count102

(/usr/local/texlive/2011/texmf-dist/tex/latex/url/url.sty
\Urlmuskip=\muskip10
Package: url 2006/04/12  ver 3.3  Verb mode for urls, etc.
)
LaTeX Info: Redefining \url on input line 4617.
\Fld@menulength=\count103
\Field@Width=\dimen126
\Fld@charsize=\dimen127
Package hyperref Info: Hyper figures OFF on input line 5701.
Package hyperref Info: Link nesting OFF on input line 5706.
Package hyperref Info: Hyper index ON on input line 5709.
Package hyperref Info: backreferencing OFF on input line 5716.
Package hyperref Info: Link coloring OFF on input line 5721.
Package hyperref Info: Link coloring with OCG OFF on input line 5726.
Package hyperref Info: PDF/A mode OFF on input line 5731.
LaTeX Info: Redefining \ref on input line 5771.
LaTeX Info: Redefining \pageref on input line 5775.
\Hy@abspage=\count104
\c@Item=\count105
\c@Hfootnote=\count106
)

Package hyperref Message: Driver (autodetected): hpdftex.

(/usr/local/texlive/2011/texmf-dist/tex/latex/hyperref/hpdftex.def
File: hpdftex.def 2011/04/17 v6.82g Hyperref driver for pdfTeX
\Fld@listcount=\count107
\c@bookmark@seq@number=\count108

(/usr/local/texlive/2011/texmf-dist/tex/latex/oberdiek/rerunfilecheck.sty
Package: rerunfilecheck 2011/04/15 v1.7 Rerun checks for auxiliary files (HO)
Package uniquecounter Info: New unique counter `rerunfilecheck' on input line 2
82.
)
\Hy@SectionHShift=\skip79
)
(/usr/local/texlive/2011/texmf-dist/tex/latex/amsmath/amsmath.sty
Package: amsmath 2000/07/18 v2.13 AMS math features
\@mathmargin=\skip80

For additional information on amsmath, use the `?' option.
(/usr/local/texlive/2011/texmf-dist/tex/latex/amsmath/amstext.sty
Package: amstext 2000/06/29 v2.01

(/usr/local/texlive/2011/texmf-dist/tex/latex/amsmath/amsgen.sty
File: amsgen.sty 1999/11/30 v2.0
\@emptytoks=\toks16
\ex@=\dimen128
))
(/usr/local/texlive/2011/texmf-dist/tex/latex/amsmath/amsbsy.sty
Package: amsbsy 1999/11/29 v1.2d
\pmbraise@=\dimen129
)
(/usr/local/texlive/2011/texmf-dist/tex/latex/amsmath/amsopn.sty
Package: amsopn 1999/12/14 v2.01 operator names
)
\inf@bad=\count109
LaTeX Info: Redefining \frac on input line 211.
\uproot@=\count110
\leftroot@=\count111
LaTeX Info: Redefining \overline on input line 307.
\classnum@=\count112
\DOTSCASE@=\count113
LaTeX Info: Redefining \ldots on input line 379.
LaTeX Info: Redefining \dots on input line 382.
LaTeX Info: Redefining \cdots on input line 467.
\Mathstrutbox@=\box26
\strutbox@=\box27
\big@size=\dimen130
LaTeX Font Info:    Redeclaring font encoding OML on input line 567.
LaTeX Font Info:    Redeclaring font encoding OMS on input line 568.
\macc@depth=\count114
\c@MaxMatrixCols=\count115
\dotsspace@=\muskip11
\c@parentequation=\count116
\dspbrk@lvl=\count117
\tag@help=\toks17
\row@=\count118
\column@=\count119
\maxfields@=\count120
\andhelp@=\toks18
\eqnshift@=\dimen131
\alignsep@=\dimen132
\tagshift@=\dimen133
\tagwidth@=\dimen134
\totwidth@=\dimen135
\lineht@=\dimen136
\@envbody=\toks19
\multlinegap=\skip81
\multlinetaggap=\skip82
\mathdisplay@stack=\toks20
LaTeX Info: Redefining \[ on input line 2666.
LaTeX Info: Redefining \] on input line 2667.
)
(/usr/local/texlive/2011/texmf-dist/tex/latex/amsfonts/amsfonts.sty
Package: amsfonts 2009/06/22 v3.00 Basic AMSFonts support
\symAMSa=\mathgroup4
\symAMSb=\mathgroup5
LaTeX Font Info:    Overwriting math alphabet `\mathfrak' in version `bold'
(Font)                  U/euf/m/n --> U/euf/b/n on input line 96.
)
(/usr/local/texlive/2011/texmf-dist/tex/latex/amsfonts/amssymb.sty
Package: amssymb 2009/06/22 v3.00
)
(/usr/local/texlive/2011/texmf-dist/tex/latex/amscls/amsthm.sty
Package: amsthm 2009/07/02 v2.20.1
\thm@style=\toks21
\thm@bodyfont=\toks22
\thm@headfont=\toks23
\thm@notefont=\toks24
\thm@headpunct=\toks25
\thm@preskip=\skip83
\thm@postskip=\skip84
\thm@headsep=\skip85
\dth@everypar=\toks26
)
(/usr/local/texlive/2011/texmf-dist/tex/latex/tools/longtable.sty
Package: longtable 2004/02/01 v4.11 Multi-page Table package (DPC)
\LTleft=\skip86
\LTright=\skip87
\LTpre=\skip88
\LTpost=\skip89
\LTchunksize=\count121
\LTcapwidth=\dimen137
\LT@head=\box28
\LT@firsthead=\box29
\LT@foot=\box30
\LT@lastfoot=\box31
\LT@cols=\count122
\LT@rows=\count123
\c@LT@tables=\count124
\c@LT@chunks=\count125
\LT@p@ftn=\toks27
)
(/usr/local/texlive/2011/texmf-dist/tex/latex/booktabs/booktabs.sty
Package: booktabs 2005/04/14 v1.61803 publication quality tables
\heavyrulewidth=\dimen138
\lightrulewidth=\dimen139
\cmidrulewidth=\dimen140
\belowrulesep=\dimen141
\belowbottomsep=\dimen142
\aboverulesep=\dimen143
\abovetopsep=\dimen144
\cmidrulesep=\dimen145
\cmidrulekern=\dimen146
\defaultaddspace=\dimen147
\@cmidla=\count126
\@cmidlb=\count127
\@aboverulesep=\dimen148
\@belowrulesep=\dimen149
\@thisruleclass=\count128
\@lastruleclass=\count129
\@thisrulewidth=\dimen150
)
(/usr/local/texlive/2011/texmf-dist/tex/latex/subfig/subfig.sty
Package: subfig 2005/06/28 ver: 1.3 subfig package
\c@KVtest=\count130
\sf@farskip=\skip90
\sf@captopadj=\dimen151
\sf@capskip=\skip91
\sf@nearskip=\skip92
\c@subfigure=\count131
\c@subfigure@save=\count132
\c@lofdepth=\count133
\c@subtable=\count134
\c@subtable@save=\count135
\c@lotdepth=\count136
\sf@top=\skip93
\sf@bottom=\skip94
)
(/usr/local/texlive/2011/texmf-dist/tex/latex/algorithm2e/algorithm2e.sty
Package: algorithm2e 2008/00/00 v3.10 algorithms environments
\c@AlgoLine=\count137

(/usr/local/texlive/2011/texmf-dist/tex/latex/base/ifthen.sty
Package: ifthen 2001/05/26 v1.1c Standard LaTeX ifthen package (DPC)
)
(/usr/local/texlive/2011/texmf-dist/tex/latex/tools/xspace.sty
Package: xspace 2006/05/08 v1.12 Space after command names (DPC,MH)
)
(/usr/local/texlive/2011/texmf-dist/tex/latex/relsize/relsize.sty
Package: relsize 2003/07/04 ver 3.1
)
********************************************************
Package `algorithm2e' Release 4.01 -- december 14 2009 --
- algorithm2e-announce@lirmm.fr mailing list for announcement about releases
- algorithm2e-discussion@lirmm.fr mailing list for discussion about package
subscribe by emailing sympa@lirmm.fr with 'subscribe <list> <firstname name>'
- Author: Christophe Fiorio (fiorio@lirmm.fr)
********************************************************
\skiptotal=\skip95
\skiplinenumber=\skip96
\skiprule=\skip97
\skiphlne=\skip98
\skiptext=\skip99
\skiplength=\skip100
\algomargin=\skip101
\skipalgocfslide=\skip102
\algowidth=\dimen152
\inoutsize=\dimen153
\inoutline=\dimen154
\interspacetitleruled=\dimen155
\interspacealgoruled=\dimen156
\interspacetitleboxruled=\dimen157
\algocf@inoutbox=\box32
\algocf@inputbox=\box33
\AlCapSkip=\skip103
\AlCapHSkip=\skip104
\algocf@nlbox=\box34
\algocf@hangingbox=\box35
\algocf@capbox=\box36
\algoheightruledefault=\skip105
\algoheightrule=\skip106
\algotitleheightruledefault=\skip107
\algotitleheightrule=\skip108
\c@algocfline=\count138
\c@algocfproc=\count139
\c@algocf=\count140
\algocf@algoframe=\box37
\algocf@algobox=\box38
) (/usr/local/texlive/2011/texmf-dist/tex/latex/pgf/frontendlayer/tikz.sty
(/usr/local/texlive/2011/texmf-dist/tex/latex/pgf/basiclayer/pgf.sty
(/usr/local/texlive/2011/texmf-dist/tex/latex/pgf/utilities/pgfrcs.sty
(/usr/local/texlive/2011/texmf-dist/tex/generic/pgf/utilities/pgfutil-common.te
x
\pgfutil@everybye=\toks28
)
(/usr/local/texlive/2011/texmf-dist/tex/generic/pgf/utilities/pgfutil-latex.def
\pgfutil@abb=\box39
(/usr/local/texlive/2011/texmf-dist/tex/latex/ms/everyshi.sty
Package: everyshi 2001/05/15 v3.00 EveryShipout Package (MS)
))
(/usr/local/texlive/2011/texmf-dist/tex/generic/pgf/utilities/pgfrcs.code.tex
Package: pgfrcs 2010/10/25 v2.10 (rcs-revision 1.24)
))
Package: pgf 2008/01/15 v2.10 (rcs-revision 1.12)
(/usr/local/texlive/2011/texmf-dist/tex/latex/pgf/basiclayer/pgfcore.sty
(/usr/local/texlive/2011/texmf-dist/tex/latex/pgf/systemlayer/pgfsys.sty
(/usr/local/texlive/2011/texmf-dist/tex/generic/pgf/systemlayer/pgfsys.code.tex
Package: pgfsys 2010/06/30 v2.10 (rcs-revision 1.37)
(/usr/local/texlive/2011/texmf-dist/tex/generic/pgf/utilities/pgfkeys.code.tex
\pgfkeys@pathtoks=\toks29
\pgfkeys@temptoks=\toks30

(/usr/local/texlive/2011/texmf-dist/tex/generic/pgf/utilities/pgfkeysfiltered.c
ode.tex
\pgfkeys@tmptoks=\toks31
))
\pgf@x=\dimen158
\pgf@y=\dimen159
\pgf@xa=\dimen160
\pgf@ya=\dimen161
\pgf@xb=\dimen162
\pgf@yb=\dimen163
\pgf@xc=\dimen164
\pgf@yc=\dimen165
\w@pgf@writea=\write3
\r@pgf@reada=\read1
\c@pgf@counta=\count141
\c@pgf@countb=\count142
\c@pgf@countc=\count143
\c@pgf@countd=\count144

(/usr/local/texlive/2011/texmf-dist/tex/generic/pgf/systemlayer/pgf.cfg
File: pgf.cfg 2008/05/14  (rcs-revision 1.7)
)
Package pgfsys Info: Driver file for pgf: pgfsys-pdftex.def on input line 900.

(/usr/local/texlive/2011/texmf-dist/tex/generic/pgf/systemlayer/pgfsys-pdftex.d
ef
File: pgfsys-pdftex.def 2009/05/22  (rcs-revision 1.26)

(/usr/local/texlive/2011/texmf-dist/tex/generic/pgf/systemlayer/pgfsys-common-p
df.def
File: pgfsys-common-pdf.def 2008/05/19  (rcs-revision 1.10)
)))
(/usr/local/texlive/2011/texmf-dist/tex/generic/pgf/systemlayer/pgfsyssoftpath.
code.tex
File: pgfsyssoftpath.code.tex 2008/07/18  (rcs-revision 1.7)
\pgfsyssoftpath@smallbuffer@items=\count145
\pgfsyssoftpath@bigbuffer@items=\count146
)
(/usr/local/texlive/2011/texmf-dist/tex/generic/pgf/systemlayer/pgfsysprotocol.
code.tex
File: pgfsysprotocol.code.tex 2006/10/16  (rcs-revision 1.4)
)) (/usr/local/texlive/2011/texmf-dist/tex/latex/xcolor/xcolor.sty
Package: xcolor 2007/01/21 v2.11 LaTeX color extensions (UK)

(/usr/local/texlive/2011/texmf-dist/tex/latex/latexconfig/color.cfg
File: color.cfg 2007/01/18 v1.5 color configuration of teTeX/TeXLive
)
Package xcolor Info: Driver file: pdftex.def on input line 225.
LaTeX Info: Redefining \color on input line 702.
Package xcolor Info: Model `cmy' substituted by `cmy0' on input line 1337.
Package xcolor Info: Model `hsb' substituted by `rgb' on input line 1341.
Package xcolor Info: Model `RGB' extended on input line 1353.
Package xcolor Info: Model `HTML' substituted by `rgb' on input line 1355.
Package xcolor Info: Model `Hsb' substituted by `hsb' on input line 1356.
Package xcolor Info: Model `tHsb' substituted by `hsb' on input line 1357.
Package xcolor Info: Model `HSB' substituted by `hsb' on input line 1358.
Package xcolor Info: Model `Gray' substituted by `gray' on input line 1359.
Package xcolor Info: Model `wave' substituted by `hsb' on input line 1360.
)
(/usr/local/texlive/2011/texmf-dist/tex/generic/pgf/basiclayer/pgfcore.code.tex
Package: pgfcore 2010/04/11 v2.10 (rcs-revision 1.7)
(/usr/local/texlive/2011/texmf-dist/tex/generic/pgf/math/pgfmath.code.tex
(/usr/local/texlive/2011/texmf-dist/tex/generic/pgf/math/pgfmathcalc.code.tex
(/usr/local/texlive/2011/texmf-dist/tex/generic/pgf/math/pgfmathutil.code.tex)
(/usr/local/texlive/2011/texmf-dist/tex/generic/pgf/math/pgfmathparser.code.tex
\pgfmath@dimen=\dimen166
\pgfmath@count=\count147
\pgfmath@box=\box40
\pgfmath@toks=\toks32
\pgfmath@stack@operand=\toks33
\pgfmath@stack@operation=\toks34
)
(/usr/local/texlive/2011/texmf-dist/tex/generic/pgf/math/pgfmathfunctions.code.
tex
(/usr/local/texlive/2011/texmf-dist/tex/generic/pgf/math/pgfmathfunctions.basic
.code.tex)
(/usr/local/texlive/2011/texmf-dist/tex/generic/pgf/math/pgfmathfunctions.trigo
nometric.code.tex)
(/usr/local/texlive/2011/texmf-dist/tex/generic/pgf/math/pgfmathfunctions.rando
m.code.tex)
(/usr/local/texlive/2011/texmf-dist/tex/generic/pgf/math/pgfmathfunctions.compa
rison.code.tex)
(/usr/local/texlive/2011/texmf-dist/tex/generic/pgf/math/pgfmathfunctions.base.
code.tex)
(/usr/local/texlive/2011/texmf-dist/tex/generic/pgf/math/pgfmathfunctions.round
.code.tex)
(/usr/local/texlive/2011/texmf-dist/tex/generic/pgf/math/pgfmathfunctions.misc.
code.tex)))
(/usr/local/texlive/2011/texmf-dist/tex/generic/pgf/math/pgfmathfloat.code.tex
\c@pgfmathroundto@lastzeros=\count148
))
(/usr/local/texlive/2011/texmf-dist/tex/generic/pgf/basiclayer/pgfcorepoints.co
de.tex
File: pgfcorepoints.code.tex 2010/04/09  (rcs-revision 1.20)
\pgf@picminx=\dimen167
\pgf@picmaxx=\dimen168
\pgf@picminy=\dimen169
\pgf@picmaxy=\dimen170
\pgf@pathminx=\dimen171
\pgf@pathmaxx=\dimen172
\pgf@pathminy=\dimen173
\pgf@pathmaxy=\dimen174
\pgf@xx=\dimen175
\pgf@xy=\dimen176
\pgf@yx=\dimen177
\pgf@yy=\dimen178
\pgf@zx=\dimen179
\pgf@zy=\dimen180
)
(/usr/local/texlive/2011/texmf-dist/tex/generic/pgf/basiclayer/pgfcorepathconst
ruct.code.tex
File: pgfcorepathconstruct.code.tex 2010/08/03  (rcs-revision 1.24)
\pgf@path@lastx=\dimen181
\pgf@path@lasty=\dimen182
)
(/usr/local/texlive/2011/texmf-dist/tex/generic/pgf/basiclayer/pgfcorepathusage
.code.tex
File: pgfcorepathusage.code.tex 2008/04/22  (rcs-revision 1.12)
\pgf@shorten@end@additional=\dimen183
\pgf@shorten@start@additional=\dimen184
)
(/usr/local/texlive/2011/texmf-dist/tex/generic/pgf/basiclayer/pgfcorescopes.co
de.tex
File: pgfcorescopes.code.tex 2010/09/08  (rcs-revision 1.34)
\pgfpic=\box41
\pgf@hbox=\box42
\pgf@layerbox@main=\box43
\pgf@picture@serial@count=\count149
)
(/usr/local/texlive/2011/texmf-dist/tex/generic/pgf/basiclayer/pgfcoregraphicst
ate.code.tex
File: pgfcoregraphicstate.code.tex 2008/04/22  (rcs-revision 1.9)
\pgflinewidth=\dimen185
)
(/usr/local/texlive/2011/texmf-dist/tex/generic/pgf/basiclayer/pgfcoretransform
ations.code.tex
File: pgfcoretransformations.code.tex 2009/06/10  (rcs-revision 1.11)
\pgf@pt@x=\dimen186
\pgf@pt@y=\dimen187
\pgf@pt@temp=\dimen188
)
(/usr/local/texlive/2011/texmf-dist/tex/generic/pgf/basiclayer/pgfcorequick.cod
e.tex
File: pgfcorequick.code.tex 2008/10/09  (rcs-revision 1.3)
)
(/usr/local/texlive/2011/texmf-dist/tex/generic/pgf/basiclayer/pgfcoreobjects.c
ode.tex
File: pgfcoreobjects.code.tex 2006/10/11  (rcs-revision 1.2)
)
(/usr/local/texlive/2011/texmf-dist/tex/generic/pgf/basiclayer/pgfcorepathproce
ssing.code.tex
File: pgfcorepathprocessing.code.tex 2008/10/09  (rcs-revision 1.8)
)
(/usr/local/texlive/2011/texmf-dist/tex/generic/pgf/basiclayer/pgfcorearrows.co
de.tex
File: pgfcorearrows.code.tex 2008/04/23  (rcs-revision 1.11)
)
(/usr/local/texlive/2011/texmf-dist/tex/generic/pgf/basiclayer/pgfcoreshade.cod
e.tex
File: pgfcoreshade.code.tex 2008/11/23  (rcs-revision 1.13)
\pgf@max=\dimen189
\pgf@sys@shading@range@num=\count150
)
(/usr/local/texlive/2011/texmf-dist/tex/generic/pgf/basiclayer/pgfcoreimage.cod
e.tex
File: pgfcoreimage.code.tex 2010/03/25  (rcs-revision 1.16)

(/usr/local/texlive/2011/texmf-dist/tex/generic/pgf/basiclayer/pgfcoreexternal.
code.tex
File: pgfcoreexternal.code.tex 2010/09/01  (rcs-revision 1.17)
\pgfexternal@startupbox=\box44
))
(/usr/local/texlive/2011/texmf-dist/tex/generic/pgf/basiclayer/pgfcorelayers.co
de.tex
File: pgfcorelayers.code.tex 2010/08/27  (rcs-revision 1.2)
)
(/usr/local/texlive/2011/texmf-dist/tex/generic/pgf/basiclayer/pgfcoretranspare
ncy.code.tex
File: pgfcoretransparency.code.tex 2008/01/17  (rcs-revision 1.2)
)
(/usr/local/texlive/2011/texmf-dist/tex/generic/pgf/basiclayer/pgfcorepatterns.
code.tex
File: pgfcorepatterns.code.tex 2009/07/02  (rcs-revision 1.3)
)))
(/usr/local/texlive/2011/texmf-dist/tex/generic/pgf/modules/pgfmoduleshapes.cod
e.tex
File: pgfmoduleshapes.code.tex 2010/09/09  (rcs-revision 1.13)
\pgfnodeparttextbox=\box45
)
(/usr/local/texlive/2011/texmf-dist/tex/generic/pgf/modules/pgfmoduleplot.code.
tex
File: pgfmoduleplot.code.tex 2010/10/22  (rcs-revision 1.8)
)
(/usr/local/texlive/2011/texmf-dist/tex/latex/pgf/compatibility/pgfcomp-version
-0-65.sty
Package: pgfcomp-version-0-65 2007/07/03 v2.10 (rcs-revision 1.7)
\pgf@nodesepstart=\dimen190
\pgf@nodesepend=\dimen191
)
(/usr/local/texlive/2011/texmf-dist/tex/latex/pgf/compatibility/pgfcomp-version
-1-18.sty
Package: pgfcomp-version-1-18 2007/07/23 v2.10 (rcs-revision 1.1)
))
(/usr/local/texlive/2011/texmf-dist/tex/latex/pgf/utilities/pgffor.sty
(/usr/local/texlive/2011/texmf-dist/tex/latex/pgf/utilities/pgfkeys.sty
(/usr/local/texlive/2011/texmf-dist/tex/generic/pgf/utilities/pgfkeys.code.tex)
) (/usr/local/texlive/2011/texmf-dist/tex/generic/pgf/utilities/pgffor.code.tex
Package: pgffor 2010/03/23 v2.10 (rcs-revision 1.18)
\pgffor@iter=\dimen192
\pgffor@skip=\dimen193
\pgffor@stack=\toks35
\pgffor@toks=\toks36
))
(/usr/local/texlive/2011/texmf-dist/tex/generic/pgf/frontendlayer/tikz/tikz.cod
e.tex
Package: tikz 2010/10/13 v2.10 (rcs-revision 1.76)

(/usr/local/texlive/2011/texmf-dist/tex/generic/pgf/libraries/pgflibraryplothan
dlers.code.tex
File: pgflibraryplothandlers.code.tex 2010/05/31 v2.10 (rcs-revision 1.15)
\pgf@plot@mark@count=\count151
\pgfplotmarksize=\dimen194
)
\tikz@lastx=\dimen195
\tikz@lasty=\dimen196
\tikz@lastxsaved=\dimen197
\tikz@lastysaved=\dimen198
\tikzleveldistance=\dimen199
\tikzsiblingdistance=\dimen200
\tikz@figbox=\box46
\tikz@tempbox=\box47
\tikztreelevel=\count152
\tikznumberofchildren=\count153
\tikznumberofcurrentchild=\count154
\tikz@fig@count=\count155

(/usr/local/texlive/2011/texmf-dist/tex/generic/pgf/modules/pgfmodulematrix.cod
e.tex
File: pgfmodulematrix.code.tex 2010/08/24  (rcs-revision 1.4)
\pgfmatrixcurrentrow=\count156
\pgfmatrixcurrentcolumn=\count157
\pgf@matrix@numberofcolumns=\count158
)
\tikz@expandcount=\count159

(/usr/local/texlive/2011/texmf-dist/tex/generic/pgf/frontendlayer/tikz/librarie
s/tikzlibrarytopaths.code.tex
File: tikzlibrarytopaths.code.tex 2008/06/17 v2.10 (rcs-revision 1.2)
)))
(/usr/local/texlive/2011/texmf-dist/tex/latex/varwidth/varwidth.sty
Package: varwidth 2009/03/30 ver 0.92;  Variable-width minipages
\@vwid@box=\box48
\sift@deathcycles=\count160
\@vwid@loff=\dimen201
\@vwid@roff=\dimen202
)
(/usr/local/texlive/2011/texmf-dist/tex/latex/algorithmicx/algpseudocode.sty
Package: algpseudocode 

(/usr/local/texlive/2011/texmf-dist/tex/latex/algorithmicx/algorithmicx.sty
Package: algorithmicx 2005/04/27 v1.2 Algorithmicx

Document Style algorithmicx 1.2 - a greatly improved `algorithmic' style
\c@ALG@line=\count161
\c@ALG@rem=\count162
\c@ALG@nested=\count163
\ALG@tlm=\skip109
\ALG@thistlm=\skip110
\c@ALG@Lnr=\count164
\c@ALG@blocknr=\count165
\c@ALG@storecount=\count166
\c@ALG@tmpcounter=\count167
\ALG@tmplength=\skip111
)
Document Style - pseudocode environments for use with the `algorithmicx' style
) (/usr/local/texlive/2011/texmf-dist/tex/latex/fancyvrb/fancyvrb.sty
Package: fancyvrb 2008/02/07

Style option: `fancyvrb' v2.7a, with DG/SPQR fixes, and firstline=lastline fix 
<2008/02/07> (tvz)
\FV@CodeLineNo=\count168
\FV@InFile=\read2
\FV@TabBox=\box49
\c@FancyVerbLine=\count169
\FV@StepNumber=\count170
\FV@OutFile=\write4
)
(/usr/local/texlive/2011/texmf-dist/tex/latex/tools/multicol.sty
Package: multicol 2008/12/05 v1.6h multicolumn formatting (FMi)
\c@tracingmulticols=\count171
\mult@box=\box50
\multicol@leftmargin=\dimen203
\c@unbalance=\count172
\c@collectmore=\count173
\doublecol@number=\count174
\multicoltolerance=\count175
\multicolpretolerance=\count176
\full@width=\dimen204
\page@free=\dimen205
\premulticols=\dimen206
\postmulticols=\dimen207
\multicolsep=\skip112
\multicolbaselineskip=\skip113
\partial@page=\box51
\last@line=\box52
\mult@rightbox=\box53
\mult@grightbox=\box54
\mult@gfirstbox=\box55
\mult@firstbox=\box56
\@tempa=\box57
\@tempa=\box58
\@tempa=\box59
\@tempa=\box60
\@tempa=\box61
\@tempa=\box62
\@tempa=\box63
\@tempa=\box64
\@tempa=\box65
\@tempa=\box66
\@tempa=\box67
\@tempa=\box68
\@tempa=\box69
\@tempa=\box70
\@tempa=\box71
\@tempa=\box72
\@tempa=\box73
\c@columnbadness=\count177
\c@finalcolumnbadness=\count178
\last@try=\dimen208
\multicolovershoot=\dimen209
\multicolundershoot=\dimen210
\mult@nat@firstbox=\box74
\colbreak@box=\box75
)
(/usr/local/texlive/2011/texmf-dist/tex/latex/multirow/multirow.sty
\bigstrutjot=\dimen211
)
(/usr/local/texlive/2011/texmf-dist/tex/latex/mh/mathtools.sty
Package: mathtools 2011/02/12 v1.10 mathematical typesetting tools

(/usr/local/texlive/2011/texmf-dist/tex/latex/mh/mhsetup.sty
Package: mhsetup 2010/01/21 v1.2a programming setup (MH)
)
\g_MT_multlinerow_int=\count179
\l_MT_multwidth_dim=\dimen212
\origjot=\skip114
\l_MT_shortvdotswithinadjustabove_dim=\dimen213
\l_MT_shortvdotswithinadjustbelow_dim=\dimen214
) (./macros.tex
\c@example=\count180
\c@theorem=\count181
\c@note=\count182
\c@property=\count183
)
(./rl-macros.tex) (./gp-macros.tex) (./sw-macros.tex) (./thesis.aux)
\openout1 = `thesis.aux'.

LaTeX Font Info:    Checking defaults for OML/cmm/m/it on input line 48.
LaTeX Font Info:    ... okay on input line 48.
LaTeX Font Info:    Checking defaults for T1/cmr/m/n on input line 48.
LaTeX Font Info:    ... okay on input line 48.
LaTeX Font Info:    Checking defaults for OT1/cmr/m/n on input line 48.
LaTeX Font Info:    ... okay on input line 48.
LaTeX Font Info:    Checking defaults for OMS/cmsy/m/n on input line 48.
LaTeX Font Info:    ... okay on input line 48.
LaTeX Font Info:    Checking defaults for OMX/cmex/m/n on input line 48.
LaTeX Font Info:    ... okay on input line 48.
LaTeX Font Info:    Checking defaults for U/cmr/m/n on input line 48.
LaTeX Font Info:    ... okay on input line 48.
LaTeX Font Info:    Checking defaults for PD1/pdf/m/n on input line 48.
LaTeX Font Info:    ... okay on input line 48.
LaTeX Font Info:    Try loading font information for OT1+ppl on input line 48.

(/usr/local/texlive/2011/texmf-dist/tex/latex/psnfss/ot1ppl.fd
File: ot1ppl.fd 2001/06/04 font definitions for OT1/ppl.
)
*geometry* driver: auto-detecting
*geometry* detected driver: pdftex
*geometry* verbose mode - [ preamble ] result:
* driver: pdftex
* paper: a4paper
* layout: <same size as paper>
* layoutoffset:(h,v)=(0.0pt,0.0pt)
* modes: 
* h-part:(L,W,R)=(108.405pt, 416.83289pt, 72.26999pt)
* v-part:(T,H,B)=(72.26999pt, 724.57224pt, 48.20462pt)
* \paperwidth=597.50787pt
* \paperheight=845.04684pt
* \textwidth=416.83289pt
* \textheight=724.57224pt
* \oddsidemargin=36.13501pt
* \evensidemargin=36.13501pt
* \topmargin=0.0pt
* \headheight=0.0pt
* \headsep=0.0pt
* \topskip=12.0pt
* \footskip=30.0pt
* \marginparwidth=35.0pt
* \marginparsep=10.0pt
* \columnsep=10.0pt
* \skip\footins=10.8pt plus 4.0pt minus 2.0pt
* \hoffset=0.0pt
* \voffset=0.0pt
* \mag=1000
* \@twocolumnfalse
* \@twosidefalse
* \@mparswitchfalse
* \@reversemarginfalse
* (1in=72.27pt=25.4mm, 1cm=28.453pt)

Package caption Info: Begin \AtBeginDocument code.
Package caption3 Info: subfig package 1.2 or 1.3 is loaded.
LaTeX Info: Redefining \subref on input line 48.
Package caption Info: hyperref package is loaded.
Package caption Info: longtable package is loaded.
(/usr/local/texlive/2011/texmf-dist/tex/latex/caption/ltcaption.sty
Package: ltcaption 2008/03/28 v1.2 longtable captions (AR)
)
Package caption Info: End \AtBeginDocument code.

(/usr/local/texlive/2011/texmf-dist/tex/context/base/supp-pdf.mkii
[Loading MPS to PDF converter (version 2006.09.02).]
\scratchcounter=\count184
\scratchdimen=\dimen215
\scratchbox=\box76
\nofMPsegments=\count185
\nofMParguments=\count186
\everyMPshowfont=\toks37
\MPscratchCnt=\count187
\MPscratchDim=\dimen216
\MPnumerator=\count188
\makeMPintoPDFobject=\count189
\everyMPtoPDFconversion=\toks38
) (/usr/local/texlive/2011/texmf-dist/tex/latex/oberdiek/epstopdf-base.sty
Package: epstopdf-base 2010/02/09 v2.5 Base part for package epstopdf

(/usr/local/texlive/2011/texmf-dist/tex/latex/oberdiek/grfext.sty
Package: grfext 2010/08/19 v1.1 Managing graphics extensions (HO)
)
Package grfext Info: Graphics extension search list:
(grfext)             [.png,.pdf,.jpg,.mps,.jpeg,.jbig2,.jb2,.PNG,.PDF,.JPG,.JPE
G,.JBIG2,.JB2,.eps]
(grfext)             \AppendGraphicsExtensions on input line 452.

(/usr/local/texlive/2011/texmf-dist/tex/latex/latexconfig/epstopdf-sys.cfg
File: epstopdf-sys.cfg 2010/07/13 v1.3 Configuration of (r)epstopdf for TeX Liv
e
))
\AtBeginShipoutBox=\box77
Package hyperref Info: Link coloring OFF on input line 48.

(/usr/local/texlive/2011/texmf-dist/tex/latex/hyperref/nameref.sty
Package: nameref 2010/04/30 v2.40 Cross-referencing by name of section

(/usr/local/texlive/2011/texmf-dist/tex/generic/oberdiek/gettitlestring.sty
Package: gettitlestring 2010/12/03 v1.4 Cleanup title references (HO)
)
\c@section@level=\count190
)
LaTeX Info: Redefining \ref on input line 48.
LaTeX Info: Redefining \pageref on input line 48.
LaTeX Info: Redefining \nameref on input line 48.

(./thesis.out) (./thesis.out)
\@outlinefile=\write5
\openout5 = `thesis.out'.

 ABD: EveryShipout initializing macros
LaTeX Font Info:    Font shape `OT1/ppl/bx/n' in size <17.28> not available
(Font)              Font shape `OT1/ppl/b/n' tried instead on input line 53.
LaTeX Font Info:    Font shape `OT1/ppl/bx/n' in size <12> not available
(Font)              Font shape `OT1/ppl/b/n' tried instead on input line 53.
LaTeX Font Info:    Font shape `OT1/ppl/bx/n' in size <14.4> not available
(Font)              Font shape `OT1/ppl/b/n' tried instead on input line 53.

<iitm.pdf, id=220, 109.40875pt x 109.40875pt>
File: iitm.pdf Graphic file (type pdf)
 <use iitm.pdf>
Package pdftex.def Info: iitm.pdf used on input line 53.
(pdftex.def)             Requested size: 109.40846pt x 109.40846pt.

(./trivia/certificate.tex [0

{/usr/local/texlive/2011/texmf-var/fonts/map/pdftex/updmap/pdftex.map} <./iitm.
pdf>]
Certificate

Underfull \hbox (badness 10000) in paragraph at lines 23--23

 []

LaTeX Font Info:    Try loading font information for U+msa on input line 23.
(/usr/local/texlive/2011/texmf-dist/tex/latex/amsfonts/umsa.fd
File: umsa.fd 2009/06/22 v3.00 AMS symbols A
)
LaTeX Font Info:    Try loading font information for U+msb on input line 23.

(/usr/local/texlive/2011/texmf-dist/tex/latex/amsfonts/umsb.fd
File: umsb.fd 2009/06/22 v3.00 AMS symbols B
))
(./trivia/ack.texpdfTeX warning (ext4): destination with the same identifier (n
ame{page.}) has been already used, duplicate ignored
<to be read again> 
                   \relax 
l.1 \acknowledgements
                      [0

]) (./abstract.tex [1

]) [2

] (./thesis.toc [3

]
Overfull \hbox (6.8231pt too wide) in paragraph at lines 49--49
 [][] [][]\OT1/ppl/m/n/12 Algorithms that com-bine sim-i-lar-ity with util-ity(
ADDPREF, 
 []


Overfull \hbox (7.35117pt too wide) in paragraph at lines 50--50
 [][] [][]\OT1/ppl/m/n/12 Algorithms that se-lec-tively up-date weights and val
ue func- 
 []

[4])
\tf@toc=\write6
\openout6 = `thesis.toc'.

 [5] (./thesis.lot
Overfull \hbox (58.56625pt too wide) in paragraph at lines 4--4
 [][] [][]\OT1/ppl/m/n/12 Average num-ber of in-ter-ac-tion cy-cles for PC and 
Apart-ment Datasets([]Zhang 
 []

)
\tf@lot=\write7
\openout7 = `thesis.lot'.

 [6

] (./thesis.lof
Overfull \hbox (7.27983pt too wide) in paragraph at lines 5--5
 [][] [][]\OT1/ppl/m/n/12 Recommender Sys-tem that uses pref-er-ence based feed
-back ([]Smyth[] 
 []


Overfull \hbox (5.86366pt too wide) in paragraph at lines 7--7
 [][] [][]\OT1/ppl/m/n/12 Screen-shot of dig-i-tal cam-era rec-om-mender sys-te
m that uses Apri- 
 []


Overfull \hbox (2.53903pt too wide) in paragraph at lines 8--8
 \OT1/ppl/m/n/12 uses MAUT to gen-er-ate com-pound cri-tiques([]Zhang and Pu[] 
([]2006[])[] [][]  
 []

)
\tf@lof=\write8
\openout8 = `thesis.lof'.

 (./trivia/abbreviations.tex [7

]) [8

] (./intro.tex
CHAPTER 1.
[1


] [2] [3]
Underfull \hbox (badness 10000) in paragraph at lines 77--90

 []


Underfull \hbox (badness 10000) in paragraph at lines 77--90

 []

[4] [5]
Overfull \hbox (1.0599pt too wide) in paragraph at lines 103--107
[]\OT1/ppl/m/n/12 Knowledge-based rec-om-mender sys-tems can be di-vided into t
wo cat-e-gories:
 []

LaTeX Font Info:    Font shape `OT1/ppl/bx/it' in size <12> not available
(Font)              Font shape `OT1/ppl/b/it' tried instead on input line 108.
<figures-bharath/critiquing.png, id=440, 487.8225pt x 524.96124pt>
File: figures-bharath/critiquing.png Graphic file (type png)

<use figures-bharath/critiquing.png>
Package pdftex.def Info: figures-bharath/critiquing.png used on input line 117.

(pdftex.def)             Requested size: 208.41644pt x 224.28708pt.

<figures-bharath/rentMe.png, id=441, 497.86pt x 323.2075pt>
File: figures-bharath/rentMe.png Graphic file (type png)

<use figures-bharath/rentMe.png>
Package pdftex.def Info: figures-bharath/rentMe.png used on input line 123.
(pdftex.def)             Requested size: 208.41644pt x 135.30237pt.
 [6 <./figures-bharath/critiquing.png> <./figures-bharath/rentMe.png>] [7]
Overfull \hbox (7.1969pt too wide) in paragraph at lines 150--150
[]\OT1/ppl/b/n/17.28 Our con-tri-bu-tion: Im-prove-ments to MAUT based
 []

) (./background.tex [8]
CHAPTER 2.
[9

]
LaTeX Font Info:    Font shape `OT1/ppl/bx/n' in size <8> not available
(Font)              Font shape `OT1/ppl/b/n' tried instead on input line 51.
 [10] [11]
Underfull \hbox (badness 10000) in paragraph at lines 115--126

 []

[12] <figures-bharath/pbf.png, id=543, 885.3075pt x 522.95375pt>
File: figures-bharath/pbf.png Graphic file (type png)

<use figures-bharath/pbf.png>
Package pdftex.def Info: figures-bharath/pbf.png used on input line 144.
(pdftex.def)             Requested size: 416.83289pt x 246.22717pt.
Missing character: There is no â in font pplr7t!
Missing character: There is no € in font pplr7t!
Missing character: There is no ™ in font pplr7t!

Underfull \hbox (badness 10000) in paragraph at lines 151--171

 []


Underfull \hbox (badness 10000) in paragraph at lines 151--171

 []

[13 <./figures-bharath/pbf.png>]
<figures-bharath/entree.pdf, id=560, 1083.04625pt x 650.43pt>
File: figures-bharath/entree.pdf Graphic file (type pdf)

<use figures-bharath/entree.pdf>
Package pdftex.def Info: figures-bharath/entree.pdf used on input line 182.
(pdftex.def)             Requested size: 416.83289pt x 250.33195pt.

Underfull \hbox (badness 10000) in paragraph at lines 172--197

 []

[14] [15 <./figures-bharath/entree.pdf>] [16]
Overfull \hbox (4.2082pt too wide) in paragraph at lines 230--230
[]\OT1/ppl/b/n/17.28 Apriori Al-go-rithm Based Gen-er-a-tion of Dy-namic
 []

<figures-bharath/apriori.png, id=595, 629.7126pt x 542.025pt>
File: figures-bharath/apriori.png Graphic file (type png)

<use figures-bharath/apriori.png>
Package pdftex.def Info: figures-bharath/apriori.png used on input line 234.
(pdftex.def)             Requested size: 333.46758pt x 287.0403pt.
 [17 <./figures-bharath/apriori.png>]
LaTeX Font Info:    Try loading font information for OML+ppl on input line 292.


(/usr/local/texlive/2011/texmf-dist/tex/latex/psnfss/omlppl.fd
File: omlppl.fd 
)
LaTeX Font Info:    Font shape `OML/ppl/m/n' in size <12> not available
(Font)              Font shape `OML/cmm/m/it' tried instead on input line 292.
 [18]
Overfull \hbox (20.88275pt too wide) in paragraph at lines 314--314
[]\OT1/ppl/b/n/17.28 Multi At-tribute Util-ity The-ory (MAUT) based Gen-
 []

<figures-bharath/maut.png, id=617, 652.4375pt x 653.44125pt>
File: figures-bharath/maut.png Graphic file (type png)

<use figures-bharath/maut.png>
Package pdftex.def Info: figures-bharath/maut.png used on input line 324.
(pdftex.def)             Requested size: 333.46758pt x 333.98846pt.
 [19] [20 <./figures-bharath/maut.png>] [21]
[22] [23] [24]
LaTeX Font Info:    Try loading font information for OT1+pcr on input line 521.

 (/usr/local/texlive/2011/texmf-dist/tex/latex/psnfss/ot1pcr.fd
File: ot1pcr.fd 2001/06/04 font definitions for OT1/pcr.
)
Overfull \hbox (30.33264pt too wide) in paragraph at lines 520--522
\OT1/ppl/m/n/12 tributes. This data set is avail-able at []$\OT1/pcr/m/n/12 htt
p : / / www . cs . ucd . ie / staff / lmcginty /
 []


Overfull \hbox (7.98665pt too wide) in paragraph at lines 563--605
\OT1/ppl/m/n/12 have used two datasets- PC dataset con-tain-ing 403 com-put-ers
 and cam-era dataset
 []


Underfull \hbox (badness 10000) in paragraph at lines 563--605

 []


Underfull \hbox (badness 10000) in paragraph at lines 563--605

 []


Underfull \hbox (badness 10000) in paragraph at lines 563--605

 []

[25] [26]) (./modifications.tex [27]
CHAPTER 3.
LaTeX Font Info:    Try loading font information for OMS+ppl on input line 11.
(/usr/local/texlive/2011/texmf-dist/tex/latex/psnfss/omsppl.fd
File: omsppl.fd 
)
LaTeX Font Info:    Font shape `OMS/ppl/m/n' in size <12> not available
(Font)              Font shape `OMS/cmsy/m/n' tried instead on input line 11.

Overfull \hbox (9.74916pt too wide) in paragraph at lines 14--16
[]\OT1/ppl/m/n/12 In a par-tic-u-lar rec-om-men-da-tion cy-cle, if all the cri-
tique strings have "Higher
 []

[28

] (./chap3_diversity.tex
<figures-bharath/diversity1.jpg, id=733, 338.26375pt x 380.42125pt>
File: figures-bharath/diversity1.jpg Graphic file (type jpg)

<use figures-bharath/diversity1.jpg>
Package pdftex.def Info: figures-bharath/diversity1.jpg used on input line 7.
(pdftex.def)             Requested size: 187.57352pt x 210.95633pt.

<figures-bharath/diversity2.jpg, id=734, 335.2525pt x 378.41376pt>
File: figures-bharath/diversity2.jpg Graphic file (type jpg)

<use figures-bharath/diversity2.jpg>
Package pdftex.def Info: figures-bharath/diversity2.jpg used on input line 14.
(pdftex.def)             Requested size: 187.57352pt x 211.71971pt.
 [29 <./figures-bharath/diversity1.jpg> <./figures-bharath/diversity2.jpg>]) (.
/chap3_adaptiveSelection.tex [30])
(./chap3_additionalTerm.tex
Overfull \hbox (2.08339pt too wide) in paragraph at lines 1--1
[]\OT1/ppl/b/n/17.28 Additional pref-er-ence to prod-ucts that have a cri-
 []


Overfull \hbox (3.96684pt too wide) in paragraph at lines 1--1
\OT1/ppl/b/n/17.28 tique pat-tern sim-i-lar to the most re-cently se-lected
 []

[31] [32]) (./chap3_simProdFirstCycle.tex) (./chap3_selectiveWtUpdate.tex
[33] [34]
Underfull \hbox (badness 10000) in paragraph at lines 26--26
[]\OT1/ppl/m/n/12 Number of
 []


Underfull \hbox (badness 10000) in paragraph at lines 26--26
\OT1/ppl/m/n/12 cri-tiques with
 []


Underfull \hbox (badness 10000) in paragraph at lines 26--26
\OT1/ppl/m/n/12 "Lower Disk
 []


Underfull \hbox (badness 10000) in paragraph at lines 27--27
[]\OT1/ppl/m/n/12 Number of
 []


Underfull \hbox (badness 10000) in paragraph at lines 27--27
\OT1/ppl/m/n/12 cri-tiques with
 []


Underfull \hbox (badness 10000) in paragraph at lines 28--28
[]\OT1/ppl/m/n/12 Critique with
 []


Underfull \hbox (badness 10000) in paragraph at lines 28--28
\OT1/ppl/m/n/12 "Lower DS"
 []


Underfull \hbox (badness 10000) in paragraph at lines 29--29
[]\OT1/ppl/m/n/12 Critique with
 []


Underfull \hbox (badness 10000) in paragraph at lines 29--29
\OT1/ppl/m/n/12 "Higher DS"
 []


Underfull \hbox (badness 10000) in paragraph at lines 50--50
[]\OT1/ppl/m/n/12 Number of
 []


Underfull \hbox (badness 10000) in paragraph at lines 50--50
\OT1/ppl/m/n/12 cri-tiques with
 []


Underfull \hbox (badness 10000) in paragraph at lines 51--51
[]\OT1/ppl/m/n/12 Number of
 []


Underfull \hbox (badness 10000) in paragraph at lines 51--51
\OT1/ppl/m/n/12 cri-tiques with
 []


Underfull \hbox (badness 10000) in paragraph at lines 52--52
[]\OT1/ppl/m/n/12 Critique with
 []


Underfull \hbox (badness 10000) in paragraph at lines 52--52
\OT1/ppl/m/n/12 "Lower Price"
 []


Underfull \hbox (badness 10000) in paragraph at lines 53--53
[]\OT1/ppl/m/n/12 Critique with
 []


Underfull \hbox (badness 4048) in paragraph at lines 53--53
\OT1/ppl/m/n/12 "Higher Price"
 []

) (./chap3_wMLTNominal.tex [35]) (./chap3_history.tex [36]
Overfull \hbox (0.49908pt too wide) in paragraph at lines 16--24
\OT1/ppl/m/n/12 The value of new pre-ferred price($370) is less than the old pr
e-ferred price ($400).
 []

) (./chap3_marketEq.tex [37] [38]) (./chap3_additive.tex
Overfull \hbox (19.9334pt too wide) in paragraph at lines 1--1
[]\OT1/ppl/b/n/17.28 Additive model for up-dat-ing weights of at-tributes 
 []

[39])) (./chapter4.tex [40]
CHAPTER 4.
[41

] <figures-bharath/focus.pdf, id=935, 345.29pt x 272.01625pt>
File: figures-bharath/focus.pdf Graphic file (type pdf)

<use figures-bharath/focus.pdf>
Package pdftex.def Info: figures-bharath/focus.pdf used on input line 97.
(pdftex.def)             Requested size: 208.41644pt x 164.19055pt.


LaTeX Warning: `h' float specifier changed to `ht'.

<figures-bharath/noisy.pdf, id=936, 345.29pt x 272.01625pt>
File: figures-bharath/noisy.pdf Graphic file (type pdf)

<use figures-bharath/noisy.pdf>
Package pdftex.def Info: figures-bharath/noisy.pdf used on input line 105.
(pdftex.def)             Requested size: 208.41644pt x 164.19055pt.


LaTeX Warning: `h' float specifier changed to `ht'.

[42] [43 <./figures-bharath/focus.pdf> <./figures-bharath/noisy.pdf>]
<figures-bharath/div_camera_opt.pdf, id=1008, 512.91624pt x 504.88625pt>
File: figures-bharath/div_camera_opt.pdf Graphic file (type pdf)

<use figures-bharath/div_camera_opt.pdf>
Package pdftex.def Info: figures-bharath/div_camera_opt.pdf used on input line 
141.
(pdftex.def)             Requested size: 187.57352pt x 184.63246pt.

<figures-bharath/div_pc_opt.pdf, id=1009, 512.91624pt x 504.88625pt>
File: figures-bharath/div_pc_opt.pdf Graphic file (type pdf)

<use figures-bharath/div_pc_opt.pdf>
Package pdftex.def Info: figures-bharath/div_pc_opt.pdf used on input line 148.

(pdftex.def)             Requested size: 187.57352pt x 184.63246pt.


LaTeX Warning: `h' float specifier changed to `ht'.

<figures-bharath/div_camera_noisy.pdf, id=1010, 512.91624pt x 504.88625pt>
File: figures-bharath/div_camera_noisy.pdf Graphic file (type pdf)

<use figures-bharath/div_camera_noisy.pdf>
Package pdftex.def Info: figures-bharath/div_camera_noisy.pdf used on input lin
e 158.
(pdftex.def)             Requested size: 187.57352pt x 184.63246pt.

<figures-bharath/div_pc_noisy.pdf, id=1011, 512.91624pt x 504.88625pt>
File: figures-bharath/div_pc_noisy.pdf Graphic file (type pdf)

<use figures-bharath/div_pc_noisy.pdf>
Package pdftex.def Info: figures-bharath/div_pc_noisy.pdf used on input line 16
5.
(pdftex.def)             Requested size: 187.57352pt x 184.63246pt.


LaTeX Warning: `h' float specifier changed to `ht'.


Overfull \hbox (10.75717pt too wide) in paragraph at lines 171--171
[]\OT1/ppl/b/n/14.4 Algorithms that com-bine sim-i-lar-ity with util-ity(ADDPRE
F,
 []

[44]
<figures-bharath/addPref_camera_opt.pdf, id=1023, 512.91624pt x 504.88625pt>
File: figures-bharath/addPref_camera_opt.pdf Graphic file (type pdf)

<use figures-bharath/addPref_camera_opt.pdf>
Package pdftex.def Info: figures-bharath/addPref_camera_opt.pdf used on input l
ine 182.
(pdftex.def)             Requested size: 187.57352pt x 184.63246pt.

<figures-bharath/addPref_pc_opt.pdf, id=1024, 512.91624pt x 504.88625pt>
File: figures-bharath/addPref_pc_opt.pdf Graphic file (type pdf)

<use figures-bharath/addPref_pc_opt.pdf>
Package pdftex.def Info: figures-bharath/addPref_pc_opt.pdf used on input line 
189.
(pdftex.def)             Requested size: 187.57352pt x 184.63246pt.


LaTeX Warning: `h' float specifier changed to `ht'.


<figures-bharath/addPref_camera_noisy.pdf, id=1025, 512.91624pt x 504.88625pt>
File: figures-bharath/addPref_camera_noisy.pdf Graphic file (type pdf)

<use figures-bharath/addPref_camera_noisy.pdf>
Package pdftex.def Info: figures-bharath/addPref_camera_noisy.pdf used on input
 line 199.
(pdftex.def)             Requested size: 187.57352pt x 184.63246pt.

<figures-bharath/addPref_pc_noisy.pdf, id=1026, 512.91624pt x 504.88625pt>
File: figures-bharath/addPref_pc_noisy.pdf Graphic file (type pdf)

<use figures-bharath/addPref_pc_noisy.pdf>
Package pdftex.def Info: figures-bharath/addPref_pc_noisy.pdf used on input lin
e 206.
(pdftex.def)             Requested size: 187.57352pt x 184.63246pt.


LaTeX Warning: `h' float specifier changed to `ht'.

[45 <./figures-bharath/div_camera_opt.pdf> <./figures-bharath/div_pc_opt.pdf> <
./figures-bharath/div_camera_noisy.pdf> <./figures-bharath/div_pc_noisy.pdf>]
(./chap4_selNominal.tex
Overfull \hbox (8.64108pt too wide) in paragraph at lines 1--1
[]\OT1/ppl/b/n/14.4 Algorithms that se-lec-tively up-date weights and value fun
c-
 []

[46 <./figures-bharath/addPref_camera_opt.pdf> <./figures-bharath/addPref_pc_op
t.pdf> <./figures-bharath/addPref_camera_noisy.pdf> <./figures-bharath/addPref_
pc_noisy.pdf>]
<figures-bharath/sel_camera_opt.pdf, id=1263, 512.91624pt x 504.88625pt>
File: figures-bharath/sel_camera_opt.pdf Graphic file (type pdf)

<use figures-bharath/sel_camera_opt.pdf>
Package pdftex.def Info: figures-bharath/sel_camera_opt.pdf used on input line 
17.
(pdftex.def)             Requested size: 187.57352pt x 184.63246pt.

<figures-bharath/sel_pc_opt.pdf, id=1264, 512.91624pt x 504.88625pt>
File: figures-bharath/sel_pc_opt.pdf Graphic file (type pdf)

<use figures-bharath/sel_pc_opt.pdf>
Package pdftex.def Info: figures-bharath/sel_pc_opt.pdf used on input line 24.
(pdftex.def)             Requested size: 187.57352pt x 184.63246pt.

<figures-bharath/sel_camera_noisy.pdf, id=1265, 512.91624pt x 504.88625pt>
File: figures-bharath/sel_camera_noisy.pdf Graphic file (type pdf)

<use figures-bharath/sel_camera_noisy.pdf>
Package pdftex.def Info: figures-bharath/sel_camera_noisy.pdf used on input lin
e 34.
(pdftex.def)             Requested size: 187.57352pt x 184.63246pt.

<figures-bharath/sel_pc_noisy.pdf, id=1266, 512.91624pt x 504.88625pt>
File: figures-bharath/sel_pc_noisy.pdf Graphic file (type pdf)

<use figures-bharath/sel_pc_noisy.pdf>
Package pdftex.def Info: figures-bharath/sel_pc_noisy.pdf used on input line 41
.
(pdftex.def)             Requested size: 187.57352pt x 184.63246pt.
) (./chap4_finalMix.tex [47 <./figures-bharath/sel_camera_opt.pdf> <./figures-b
harath/sel_pc_opt.pdf> <./figures-bharath/sel_camera_noisy.pdf> <./figures-bhar
ath/sel_pc_noisy.pdf>]
<figures-bharath/finalMix_camera_opt.pdf, id=1388, 512.91624pt x 504.88625pt>
File: figures-bharath/finalMix_camera_opt.pdf Graphic file (type pdf)

<use figures-bharath/finalMix_camera_opt.pdf>
Package pdftex.def Info: figures-bharath/finalMix_camera_opt.pdf used on input 
line 16.
(pdftex.def)             Requested size: 187.57352pt x 184.63246pt.

<figures-bharath/finalMix_pc_opt.pdf, id=1389, 512.91624pt x 504.88625pt>
File: figures-bharath/finalMix_pc_opt.pdf Graphic file (type pdf)

<use figures-bharath/finalMix_pc_opt.pdf>
Package pdftex.def Info: figures-bharath/finalMix_pc_opt.pdf used on input line
 23.
(pdftex.def)             Requested size: 187.57352pt x 184.63246pt.

<figures-bharath/finalMix_camera_noisy.pdf, id=1390, 512.91624pt x 504.88625pt>
File: figures-bharath/finalMix_camera_noisy.pdf Graphic file (type pdf)
<use figures-bharath/finalMix_camera_noisy.pdf>
Package pdftex.def Info: figures-bharath/finalMix_camera_noisy.pdf used on inpu
t line 33.
(pdftex.def)             Requested size: 187.57352pt x 184.63246pt.

<figures-bharath/finalMix_pc_noisy.pdf, id=1391, 512.91624pt x 504.88625pt>
File: figures-bharath/finalMix_pc_noisy.pdf Graphic file (type pdf)

<use figures-bharath/finalMix_pc_noisy.pdf>
Package pdftex.def Info: figures-bharath/finalMix_pc_noisy.pdf used on input li
ne 40.
(pdftex.def)             Requested size: 187.57352pt x 184.63246pt.


LaTeX Warning: `h' float specifier changed to `ht'.

)
Underfull \hbox (badness 10000) in paragraph at lines 251--251
[]\OT1/ppl/m/n/12 Camera-
 []


Underfull \hbox (badness 10000) in paragraph at lines 251--251
[]\OT1/ppl/m/n/12 Camera-
 []


Underfull \hbox (badness 10000) in paragraph at lines 261--261
[]\OT1/ppl/m/n/12 SELWEIGHT +
 []

) (./conclusions.tex [48 <./figures-bharath/finalMix_camera_opt.pdf> <./figures
-bharath/finalMix_pc_opt.pdf>] [49 <./figures-bharath/finalMix_camera_noisy.pdf
> <./figures-bharath/finalMix_pc_noisy.pdf>]
CHAPTER 5.

Overfull \hbox (6.32669pt too wide) in paragraph at lines 20--25
[]\OT1/ppl/m/n/12 SELWEIGHT de-scribed in Sec-tion []3.6[], ex-ploits the fact 
that a prod-uct/critique
 []


Overfull \hbox (9.60683pt too wide) in paragraph at lines 20--25
\OT1/ppl/m/n/12 string was cho-sen over the re-main-ing (k-1) re-jected prod-uc
ts and up-dates weights
 []

[50

]
Overfull \hbox (2.67065pt too wide) in paragraph at lines 33--35
\OT1/ppl/m/n/12 In all the al-go-rithms, we have used the sim-ple weighted ad-d
i-tive for-mula (Equa-
 []

) (./thesis.bbl [51]
Underfull \hbox (badness 2932) in paragraph at lines 63--67
[]\OT1/ppl/b/n/12 CBRWiki \OT1/ppl/m/n/12 (2009).  Case-bases.  URL []$\OT1/pcr
/m/n/12 http : / / cbrwiki . fdi . ucm . es /
 []

[52

] [53])
Package atveryend Info: Empty hook `BeforeClearDocument' on input line 114.
 [54]
Package atveryend Info: Empty hook `AfterLastShipout' on input line 114.
 (./thesis.aux)
Package atveryend Info: Executing hook `AtVeryEndDocument' on input line 114.
Package atveryend Info: Executing hook `AtEndAfterFileList' on input line 114.
Package rerunfilecheck Info: File `thesis.out' has not changed.
(rerunfilecheck)             Checksum: 81CBF70AC5D11DE790ECD405696EAA01;4351.
 ) 
Here is how much of TeX's memory you used:
 20436 strings out of 493633
 347607 string characters out of 3143377
 459571 words of memory out of 3000000
 22922 multiletter control sequences out of 15000+200000
 20595 words of font info for 60 fonts, out of 3000000 for 9000
 831 hyphenation exceptions out of 8191
 56i,15n,55p,764b,525s stack positions out of 5000i,500n,10000p,200000b,50000s
{/usr/local/texlive/2011/texmf-dist/fonts/enc/dvips/base/8r.enc}</usr/local/t
exlive/2011/texmf-dist/fonts/type1/public/amsfonts/cm/cmex10.pfb></usr/local/te
xlive/2011/texmf-dist/fonts/type1/public/amsfonts/cmextra/cmex8.pfb></usr/local
/texlive/2011/texmf-dist/fonts/type1/public/amsfonts/cm/cmmi10.pfb></usr/local/
texlive/2011/texmf-dist/fonts/type1/public/amsfonts/cm/cmmi12.pfb></usr/local/t
exlive/2011/texmf-dist/fonts/type1/public/amsfonts/cm/cmmi6.pfb></usr/local/tex
live/2011/texmf-dist/fonts/type1/public/amsfonts/cm/cmmi8.pfb></usr/local/texli
ve/2011/texmf-dist/fonts/type1/public/amsfonts/cm/cmr12.pfb></usr/local/texlive
/2011/texmf-dist/fonts/type1/public/amsfonts/cm/cmr8.pfb></usr/local/texlive/20
11/texmf-dist/fonts/type1/public/amsfonts/cm/cmsy10.pfb></usr/local/texlive/201
1/texmf-dist/fonts/type1/public/amsfonts/cm/cmsy6.pfb></usr/local/texlive/2011/
texmf-dist/fonts/type1/public/amsfonts/cm/cmsy8.pfb></usr/local/texlive/2011/te
xmf-dist/fonts/type1/urw/courier/ucrr8a.pfb></usr/local/texlive/2011/texmf-dist
/fonts/type1/urw/palatino/uplb8a.pfb></usr/local/texlive/2011/texmf-dist/fonts/
type1/urw/palatino/uplbi8a.pfb></usr/local/texlive/2011/texmf-dist/fonts/type1/
urw/palatino/uplr8a.pfb></usr/local/texlive/2011/texmf-dist/fonts/type1/urw/pal
atino/uplri8a.pfb>
Output written on thesis.pdf (64 pages, 4809075 bytes).
PDF statistics:
 1682 PDF objects out of 1728 (max. 8388607)
 1432 compressed objects within 15 object streams
 310 named destinations out of 1000 (max. 500000)
 572 words of extra memory for PDF output out of 10000 (max. 10000000)

