\BOOKMARK [0][-]{chapter*.1}{ACKNOWLEDGEMENTS}{}% 1
\BOOKMARK [0][-]{chapter*.2}{ABSTRACT}{}% 2
\BOOKMARK [0][-]{chapter*.4}{LIST OF TABLES}{}% 3
\BOOKMARK [0][-]{chapter*.5}{LIST OF FIGURES}{}% 4
\BOOKMARK [0][-]{chapter.1}{Introduction}{}% 5
\BOOKMARK [1][-]{section.1.1}{Collaborative Recommender Systems}{chapter.1}% 6
\BOOKMARK [2][-]{subsection.1.1.1}{Memory Based Approaches}{section.1.1}% 7
\BOOKMARK [2][-]{subsection.1.1.2}{Model Based Approaches}{section.1.1}% 8
\BOOKMARK [2][-]{subsection.1.1.3}{Limitations of CF}{section.1.1}% 9
\BOOKMARK [1][-]{section.1.2}{Content based recommender systems}{chapter.1}% 10
\BOOKMARK [2][-]{subsection.1.2.1}{Limitations of Content-based Recommendation}{section.1.2}% 11
\BOOKMARK [1][-]{section.1.3}{Knowledge based recommender systems}{chapter.1}% 12
\BOOKMARK [2][-]{subsection.1.3.1}{Critiquing}{section.1.3}% 13
\BOOKMARK [1][-]{section.1.4}{Our contribution: Improvements to MAUT based recommendation}{chapter.1}% 14
\BOOKMARK [1][-]{section.1.5}{Organization of the Thesis}{chapter.1}% 15
\BOOKMARK [0][-]{chapter.2}{Background \046 Related Work}{}% 16
\BOOKMARK [1][-]{section.2.1}{Case-based Recommendation}{chapter.2}% 17
\BOOKMARK [1][-]{section.2.2}{Single-shot Systems}{chapter.2}% 18
\BOOKMARK [1][-]{section.2.3}{Conversational Recommender Systems}{chapter.2}% 19
\BOOKMARK [2][-]{subsection.2.3.1}{Navigation by Asking}{section.2.3}% 20
\BOOKMARK [2][-]{subsection.2.3.2}{Navigation by Proposing}{section.2.3}% 21
\BOOKMARK [2][-]{subsection.2.3.3}{Evolution of Critiquing Systems}{section.2.3}% 22
\BOOKMARK [1][-]{section.2.4}{Apriori Algorithm Based Generation of Dynamic Critiques}{chapter.2}% 23
\BOOKMARK [2][-]{subsection.2.4.1}{Generating Critique Patterns}{section.2.4}% 24
\BOOKMARK [2][-]{subsection.2.4.2}{Mining Compound Critiques}{section.2.4}% 25
\BOOKMARK [1][-]{section.2.5}{Multi Attribute Utility Theory \(MAUT\) based Generation of Dynamic Critiques}{chapter.2}% 26
\BOOKMARK [1][-]{section.2.6}{Evaluation}{chapter.2}% 27
